<?xml version="1.0" encoding="UTF-8"?>
<!-- Generated by org.testng.reporters.JUnitXMLReporter -->
<testsuite hostname="LENOVO-PC" ignored="8" name="Test" tests="5" failures="0" timestamp="2021-04-21T01:31:33 IST" time="0.221" errors="0">
  <testcase name="@BeforeClass launchBrowser" time="0.001" classname="com.Vtiger.MyCampaigns.generics.Baseclass">
    <failure type="java.io.FileNotFoundException" message=".\SDET.Vtiger_MyCampaigns\data\commonData.properties (The system cannot find the path specified)">
      <![CDATA[java.io.FileNotFoundException: .\SDET.Vtiger_MyCampaigns\data\commonData.properties (The system cannot find the path specified)
at java.io.FileInputStream.open0(Native Method)
at java.io.FileInputStream.open(Unknown Source)
at java.io.FileInputStream.<init>(Unknown Source)
at java.io.FileInputStream.<init>(Unknown Source)
at com.Vtiger.MyCampaigns.generics.FileUtility.readDataFromPropFile(FileUtility.java:20)
at com.Vtiger.MyCampaigns.generics.Baseclass.launchBrowser(Baseclass.java:52)
at java.util.ArrayList.forEach(Unknown Source)
... Removed 25 stack frames]]>
    </failure>
  </testcase> <!-- @BeforeClass launchBrowser -->
  <testcase name="@BeforeMethod logintoapp" time="-1.618948892513E9" classname="com.Vtiger.MyCampaigns.generics.Baseclass">
    <skipped/>
  </testcase> <!-- @BeforeMethod logintoapp -->
  <testcase name="@AfterMethod logoutfromApp" time="-1.618948892544E9" classname="com.Vtiger.MyCampaigns.generics.Baseclass">
    <skipped/>
  </testcase> <!-- @AfterMethod logoutfromApp -->
  <testcase name="@AfterClass closeBrowser" time="-1.618948892551E9" classname="com.Vtiger.MyCampaigns.generics.Baseclass">
    <skipped/>
  </testcase> <!-- @AfterClass closeBrowser -->
  <testcase name="@BeforeClass launchBrowser" time="0.001" classname="com.Vtiger.MyCampaigns.generics.Baseclass">
    <failure type="java.io.FileNotFoundException" message=".\SDET.Vtiger_MyCampaigns\data\commonData.properties (The system cannot find the path specified)">
      <![CDATA[java.io.FileNotFoundException: .\SDET.Vtiger_MyCampaigns\data\commonData.properties (The system cannot find the path specified)
at java.io.FileInputStream.open0(Native Method)
at java.io.FileInputStream.open(Unknown Source)
at java.io.FileInputStream.<init>(Unknown Source)
at java.io.FileInputStream.<init>(Unknown Source)
at com.Vtiger.MyCampaigns.generics.FileUtility.readDataFromPropFile(FileUtility.java:20)
at com.Vtiger.MyCampaigns.generics.Baseclass.launchBrowser(Baseclass.java:52)
at java.util.ArrayList.forEach(Unknown Source)
... Removed 25 stack frames]]>
    </failure>
  </testcase> <!-- @BeforeClass launchBrowser -->
  <testcase name="@BeforeMethod logintoapp" time="-1.618948892567E9" classname="com.Vtiger.MyCampaigns.generics.Baseclass">
    <skipped/>
  </testcase> <!-- @BeforeMethod logintoapp -->
  <testcase name="@AfterMethod logoutfromApp" time="-1.618948892576E9" classname="com.Vtiger.MyCampaigns.generics.Baseclass">
    <skipped/>
  </testcase> <!-- @AfterMethod logoutfromApp -->
  <testcase name="@AfterClass closeBrowser" time="-1.61894889258E9" classname="com.Vtiger.MyCampaigns.generics.Baseclass">
    <skipped/>
  </testcase> <!-- @AfterClass closeBrowser -->
  <testcase name="@BeforeClass launchBrowser" time="0.0" classname="com.Vtiger.MyCampaigns.generics.Baseclass">
    <failure type="java.io.FileNotFoundException" message=".\SDET.Vtiger_MyCampaigns\data\commonData.properties (The system cannot find the path specified)">
      <![CDATA[java.io.FileNotFoundException: .\SDET.Vtiger_MyCampaigns\data\commonData.properties (The system cannot find the path specified)
at java.io.FileInputStream.open0(Native Method)
at java.io.FileInputStream.open(Unknown Source)
at java.io.FileInputStream.<init>(Unknown Source)
at java.io.FileInputStream.<init>(Unknown Source)
at com.Vtiger.MyCampaigns.generics.FileUtility.readDataFromPropFile(FileUtility.java:20)
at com.Vtiger.MyCampaigns.generics.Baseclass.launchBrowser(Baseclass.java:52)
at java.util.ArrayList.forEach(Unknown Source)
... Removed 25 stack frames]]>
    </failure>
  </testcase> <!-- @BeforeClass launchBrowser -->
  <testcase name="@BeforeMethod logintoapp" time="-1.618948892598E9" classname="com.Vtiger.MyCampaigns.generics.Baseclass">
    <skipped/>
  </testcase> <!-- @BeforeMethod logintoapp -->
  <testcase name="@AfterMethod logoutfromApp" time="-1.618948892619E9" classname="com.Vtiger.MyCampaigns.generics.Baseclass">
    <skipped/>
  </testcase> <!-- @AfterMethod logoutfromApp -->
  <testcase name="@AfterClass closeBrowser" time="-1.618948892624E9" classname="com.Vtiger.MyCampaigns.generics.Baseclass">
    <skipped/>
  </testcase> <!-- @AfterClass closeBrowser -->
  <testcase name="@BeforeClass launchBrowser" time="0.001" classname="com.Vtiger.MyCampaigns.generics.Baseclass">
    <failure type="java.io.FileNotFoundException" message=".\SDET.Vtiger_MyCampaigns\data\commonData.properties (The system cannot find the path specified)">
      <![CDATA[java.io.FileNotFoundException: .\SDET.Vtiger_MyCampaigns\data\commonData.properties (The system cannot find the path specified)
at java.io.FileInputStream.open0(Native Method)
at java.io.FileInputStream.open(Unknown Source)
at java.io.FileInputStream.<init>(Unknown Source)
at java.io.FileInputStream.<init>(Unknown Source)
at com.Vtiger.MyCampaigns.generics.FileUtility.readDataFromPropFile(FileUtility.java:20)
at com.Vtiger.MyCampaigns.generics.Baseclass.launchBrowser(Baseclass.java:52)
at java.util.ArrayList.forEach(Unknown Source)
... Removed 25 stack frames]]>
    </failure>
  </testcase> <!-- @BeforeClass launchBrowser -->
  <testcase name="@BeforeMethod logintoapp" time="-1.618948892633E9" classname="com.Vtiger.MyCampaigns.generics.Baseclass">
    <skipped/>
  </testcase> <!-- @BeforeMethod logintoapp -->
  <testcase name="@AfterMethod logoutfromApp" time="-1.618948892638E9" classname="com.Vtiger.MyCampaigns.generics.Baseclass">
    <skipped/>
  </testcase> <!-- @AfterMethod logoutfromApp -->
  <testcase name="@AfterClass closeBrowser" time="-1.618948892648E9" classname="com.Vtiger.MyCampaigns.generics.Baseclass">
    <skipped/>
  </testcase> <!-- @AfterClass closeBrowser -->
  <testcase name="@BeforeClass launchBrowser" time="0.0" classname="com.Vtiger.MyCampaigns.generics.Baseclass">
    <failure type="java.io.FileNotFoundException" message=".\SDET.Vtiger_MyCampaigns\data\commonData.properties (The system cannot find the path specified)">
      <![CDATA[java.io.FileNotFoundException: .\SDET.Vtiger_MyCampaigns\data\commonData.properties (The system cannot find the path specified)
at java.io.FileInputStream.open0(Native Method)
at java.io.FileInputStream.open(Unknown Source)
at java.io.FileInputStream.<init>(Unknown Source)
at java.io.FileInputStream.<init>(Unknown Source)
at com.Vtiger.MyCampaigns.generics.FileUtility.readDataFromPropFile(FileUtility.java:20)
at com.Vtiger.MyCampaigns.generics.Baseclass.launchBrowser(Baseclass.java:52)
at java.util.ArrayList.forEach(Unknown Source)
... Removed 25 stack frames]]>
    </failure>
  </testcase> <!-- @BeforeClass launchBrowser -->
  <testcase name="@BeforeMethod logintoapp" time="-1.618948892652E9" classname="com.Vtiger.MyCampaigns.generics.Baseclass">
    <skipped/>
  </testcase> <!-- @BeforeMethod logintoapp -->
  <testcase name="@AfterMethod logoutfromApp" time="-1.618948892679E9" classname="com.Vtiger.MyCampaigns.generics.Baseclass">
    <skipped/>
  </testcase> <!-- @AfterMethod logoutfromApp -->
  <testcase name="@AfterClass closeBrowser" time="-1.618948892681E9" classname="com.Vtiger.MyCampaigns.generics.Baseclass">
    <skipped/>
  </testcase> <!-- @AfterClass closeBrowser -->
  <testcase name="MyCampaigns_MassEditOldData" time="0.0" classname="MavenPro_TYSS.SDET.Vtiger_MyCampaigns_TestScripts.TestCase_12_MEDispOldData">
    <skipped/>
  </testcase> <!-- MyCampaigns_MassEditOldData -->
  <testcase name="MyCampaigns_MassEditForMandtoryFields" time="0.0" classname="MavenPro_TYSS.SDET.Vtiger_MyCampaigns_TestScripts.TestCase_11_MassEditForMandatoryFields">
    <skipped/>
  </testcase> <!-- MyCampaigns_MassEditForMandtoryFields -->
  <testcase name="MyCampaigns_ShowWorldClock" time="0.0" classname="MavenPro_TYSS.SDET.Vtiger_MyCampaigns_TestScripts.TestCase_13_WorldClockPopUP">
    <skipped/>
  </testcase> <!-- MyCampaigns_ShowWorldClock -->
  <testcase name="MyCampaigns_AdvancedSearchForSecondDpDn" time="0.0" classname="MavenPro_TYSS.SDET.Vtiger_MyCampaigns_TestScripts.TestCase_15_AdvancedSearchForSecondDpDn">
    <skipped/>
  </testcase> <!-- MyCampaigns_AdvancedSearchForSecondDpDn -->
  <testcase name="MyCampaigns_AdvancedSearchForFirstDpDn" time="0.0" classname="MavenPro_TYSS.SDET.Vtiger_MyCampaigns_TestScripts.TestCase_14_AdvancedSearchForFirstDpDn">
    <skipped/>
  </testcase> <!-- MyCampaigns_AdvancedSearchForFirstDpDn -->
  <testcase name="@BeforeSuite beforesuite" time="0.0" classname="com.Vtiger.MyCampaigns.generics.Baseclass">
    <ignored/>
  </testcase> <!-- @BeforeSuite beforesuite -->
  <testcase name="@BeforeSuite beforesuite" time="0.0" classname="com.Vtiger.MyCampaigns.generics.Baseclass">
    <ignored/>
  </testcase> <!-- @BeforeSuite beforesuite -->
  <testcase name="@BeforeSuite beforesuite" time="0.0" classname="com.Vtiger.MyCampaigns.generics.Baseclass">
    <ignored/>
  </testcase> <!-- @BeforeSuite beforesuite -->
  <testcase name="@BeforeSuite beforesuite" time="0.0" classname="com.Vtiger.MyCampaigns.generics.Baseclass">
    <ignored/>
  </testcase> <!-- @BeforeSuite beforesuite -->
  <testcase name="@AfterSuite afterSuite" time="0.0" classname="com.Vtiger.MyCampaigns.generics.Baseclass">
    <ignored/>
  </testcase> <!-- @AfterSuite afterSuite -->
  <testcase name="@AfterSuite afterSuite" time="0.0" classname="com.Vtiger.MyCampaigns.generics.Baseclass">
    <ignored/>
  </testcase> <!-- @AfterSuite afterSuite -->
  <testcase name="@AfterSuite afterSuite" time="0.0" classname="com.Vtiger.MyCampaigns.generics.Baseclass">
    <ignored/>
  </testcase> <!-- @AfterSuite afterSuite -->
  <testcase name="@AfterSuite afterSuite" time="0.0" classname="com.Vtiger.MyCampaigns.generics.Baseclass">
    <ignored/>
  </testcase> <!-- @AfterSuite afterSuite -->
</testsuite> <!-- Test -->
