<?xml version="1.0" encoding="UTF-8"?>
<testng-results skipped="1" failed="0" ignored="0" total="1" passed="0">
  <reporter-output>
  </reporter-output>
  <suite name="Default suite" duration-ms="64" started-at="2021-04-19T16:16:53 IST" finished-at="2021-04-19T16:16:53 IST">
    <groups>
    </groups>
    <test name="Default test" duration-ms="64" started-at="2021-04-19T16:16:53 IST" finished-at="2021-04-19T16:16:53 IST">
      <class name="MavenPro_TYSS.SDET.Vtiger_MyCampaigns_TestScripts.Campaign_MassEdit_tc">
        <test-method status="PASS" signature="beforesuite()[pri:0, instance:MavenPro_TYSS.SDET.Vtiger_MyCampaigns_TestScripts.Campaign_MassEdit_tc@30a3107a]" name="beforesuite" is-config="true" duration-ms="15" started-at="2021-04-19T16:16:53 IST" finished-at="2021-04-19T16:16:53 IST">
          <reporter-output>
          </reporter-output>
        </test-method> <!-- beforesuite -->
        <test-method status="FAIL" signature="launchBrowser()[pri:0, instance:MavenPro_TYSS.SDET.Vtiger_MyCampaigns_TestScripts.Campaign_MassEdit_tc@30a3107a]" name="launchBrowser" is-config="true" duration-ms="0" started-at="2021-04-19T16:16:53 IST" finished-at="2021-04-19T16:16:53 IST">
          <exception class="java.io.FileNotFoundException">
            <message>
              <![CDATA[.\SDET.Vtiger_MyCampaigns\data\commonData.property (The system cannot find the path specified)]]>
            </message>
            <full-stacktrace>
              <![CDATA[java.io.FileNotFoundException: .\SDET.Vtiger_MyCampaigns\data\commonData.property (The system cannot find the path specified)
at java.io.FileInputStream.open0(Native Method)
at java.io.FileInputStream.open(Unknown Source)
at java.io.FileInputStream.<init>(Unknown Source)
at java.io.FileInputStream.<init>(Unknown Source)
at com.Vtiger.MyCampaigns.generics.FileUtility.readDataFromPropFile(FileUtility.java:20)
at com.Vtiger.MyCampaigns.generics.Baseclass.launchBrowser(Baseclass.java:54)
at sun.reflect.NativeMethodAccessorImpl.invoke0(Native Method)
at sun.reflect.NativeMethodAccessorImpl.invoke(Unknown Source)
at sun.reflect.DelegatingMethodAccessorImpl.invoke(Unknown Source)
at java.lang.reflect.Method.invoke(Unknown Source)
at org.testng.internal.MethodInvocationHelper.invokeMethod(MethodInvocationHelper.java:132)
at org.testng.internal.MethodInvocationHelper.invokeMethodConsideringTimeout(MethodInvocationHelper.java:61)
at org.testng.internal.ConfigInvoker.invokeConfigurationMethod(ConfigInvoker.java:366)
at org.testng.internal.ConfigInvoker.invokeConfigurations(ConfigInvoker.java:320)
at org.testng.internal.TestMethodWorker.invokeBeforeClassMethods(TestMethodWorker.java:176)
at org.testng.internal.TestMethodWorker.run(TestMethodWorker.java:122)
at java.util.ArrayList.forEach(Unknown Source)
at org.testng.TestRunner.privateRun(TestRunner.java:764)
at org.testng.TestRunner.run(TestRunner.java:585)
at org.testng.SuiteRunner.runTest(SuiteRunner.java:384)
at org.testng.SuiteRunner.runSequentially(SuiteRunner.java:378)
at org.testng.SuiteRunner.privateRun(SuiteRunner.java:337)
at org.testng.SuiteRunner.run(SuiteRunner.java:286)
at org.testng.SuiteRunnerWorker.runSuite(SuiteRunnerWorker.java:53)
at org.testng.SuiteRunnerWorker.run(SuiteRunnerWorker.java:96)
at org.testng.TestNG.runSuitesSequentially(TestNG.java:1218)
at org.testng.TestNG.runSuitesLocally(TestNG.java:1140)
at org.testng.TestNG.runSuites(TestNG.java:1069)
at org.testng.TestNG.run(TestNG.java:1037)
at org.testng.remote.AbstractRemoteTestNG.run(AbstractRemoteTestNG.java:115)
at org.testng.remote.RemoteTestNG.initAndRun(RemoteTestNG.java:251)
at org.testng.remote.RemoteTestNG.main(RemoteTestNG.java:77)
]]>
            </full-stacktrace>
          </exception> <!-- java.io.FileNotFoundException -->
          <reporter-output>
          </reporter-output>
        </test-method> <!-- launchBrowser -->
        <test-method status="SKIP" signature="Mass_Edit_CampaignTC()[pri:0, instance:MavenPro_TYSS.SDET.Vtiger_MyCampaigns_TestScripts.Campaign_MassEdit_tc@30a3107a]" name="Mass_Edit_CampaignTC" duration-ms="0" started-at="2021-04-19T16:16:53 IST" finished-at="2021-04-19T16:16:53 IST">
          <exception class="java.io.FileNotFoundException">
            <message>
              <![CDATA[.\SDET.Vtiger_MyCampaigns\data\commonData.property (The system cannot find the path specified)]]>
            </message>
            <full-stacktrace>
              <![CDATA[java.io.FileNotFoundException: .\SDET.Vtiger_MyCampaigns\data\commonData.property (The system cannot find the path specified)
at java.io.FileInputStream.open0(Native Method)
at java.io.FileInputStream.open(Unknown Source)
at java.io.FileInputStream.<init>(Unknown Source)
at java.io.FileInputStream.<init>(Unknown Source)
at com.Vtiger.MyCampaigns.generics.FileUtility.readDataFromPropFile(FileUtility.java:20)
at com.Vtiger.MyCampaigns.generics.Baseclass.launchBrowser(Baseclass.java:54)
at sun.reflect.NativeMethodAccessorImpl.invoke0(Native Method)
at sun.reflect.NativeMethodAccessorImpl.invoke(Unknown Source)
at sun.reflect.DelegatingMethodAccessorImpl.invoke(Unknown Source)
at java.lang.reflect.Method.invoke(Unknown Source)
at org.testng.internal.MethodInvocationHelper.invokeMethod(MethodInvocationHelper.java:132)
at org.testng.internal.MethodInvocationHelper.invokeMethodConsideringTimeout(MethodInvocationHelper.java:61)
at org.testng.internal.ConfigInvoker.invokeConfigurationMethod(ConfigInvoker.java:366)
at org.testng.internal.ConfigInvoker.invokeConfigurations(ConfigInvoker.java:320)
at org.testng.internal.TestMethodWorker.invokeBeforeClassMethods(TestMethodWorker.java:176)
at org.testng.internal.TestMethodWorker.run(TestMethodWorker.java:122)
at java.util.ArrayList.forEach(Unknown Source)
at org.testng.TestRunner.privateRun(TestRunner.java:764)
at org.testng.TestRunner.run(TestRunner.java:585)
at org.testng.SuiteRunner.runTest(SuiteRunner.java:384)
at org.testng.SuiteRunner.runSequentially(SuiteRunner.java:378)
at org.testng.SuiteRunner.privateRun(SuiteRunner.java:337)
at org.testng.SuiteRunner.run(SuiteRunner.java:286)
at org.testng.SuiteRunnerWorker.runSuite(SuiteRunnerWorker.java:53)
at org.testng.SuiteRunnerWorker.run(SuiteRunnerWorker.java:96)
at org.testng.TestNG.runSuitesSequentially(TestNG.java:1218)
at org.testng.TestNG.runSuitesLocally(TestNG.java:1140)
at org.testng.TestNG.runSuites(TestNG.java:1069)
at org.testng.TestNG.run(TestNG.java:1037)
at org.testng.remote.AbstractRemoteTestNG.run(AbstractRemoteTestNG.java:115)
at org.testng.remote.RemoteTestNG.initAndRun(RemoteTestNG.java:251)
at org.testng.remote.RemoteTestNG.main(RemoteTestNG.java:77)
]]>
            </full-stacktrace>
          </exception> <!-- java.io.FileNotFoundException -->
          <reporter-output>
          </reporter-output>
        </test-method> <!-- Mass_Edit_CampaignTC -->
        <test-method status="SKIP" signature="logintoapp()[pri:0, instance:MavenPro_TYSS.SDET.Vtiger_MyCampaigns_TestScripts.Campaign_MassEdit_tc@30a3107a]" name="logintoapp" is-config="true" duration-ms="-1618829213159" started-at="2021-04-19T16:16:53 IST" finished-at="1970-01-01T05:30:00 IST">
          <reporter-output>
          </reporter-output>
        </test-method> <!-- logintoapp -->
        <test-method status="SKIP" signature="closeBrowser()[pri:0, instance:MavenPro_TYSS.SDET.Vtiger_MyCampaigns_TestScripts.Campaign_MassEdit_tc@30a3107a]" name="closeBrowser" is-config="true" duration-ms="-1618829213175" started-at="2021-04-19T16:16:53 IST" finished-at="1970-01-01T05:30:00 IST">
          <reporter-output>
          </reporter-output>
        </test-method> <!-- closeBrowser -->
        <test-method status="SKIP" signature="logoutfromApp()[pri:0, instance:MavenPro_TYSS.SDET.Vtiger_MyCampaigns_TestScripts.Campaign_MassEdit_tc@30a3107a]" name="logoutfromApp" is-config="true" duration-ms="-1618829213175" started-at="2021-04-19T16:16:53 IST" finished-at="1970-01-01T05:30:00 IST">
          <reporter-output>
          </reporter-output>
        </test-method> <!-- logoutfromApp -->
        <test-method status="PASS" signature="afterSuite()[pri:0, instance:MavenPro_TYSS.SDET.Vtiger_MyCampaigns_TestScripts.Campaign_MassEdit_tc@30a3107a]" name="afterSuite" is-config="true" duration-ms="0" started-at="2021-04-19T16:16:53 IST" finished-at="2021-04-19T16:16:53 IST">
          <reporter-output>
          </reporter-output>
        </test-method> <!-- afterSuite -->
      </class> <!-- MavenPro_TYSS.SDET.Vtiger_MyCampaigns_TestScripts.Campaign_MassEdit_tc -->
    </test> <!-- Default test -->
  </suite> <!-- Default suite -->
</testng-results>
